0 info it worked if it ends with ok
1 verbose cli [ 'C:\\Program Files (x86)\\nodejs\\\\node.exe',
1 verbose cli   'C:\\Program Files (x86)\\nodejs\\node_modules\\npm\\bin\\npm-cli.js',
1 verbose cli   'publish' ]
2 info using npm@2.11.3
3 info using node@v0.12.7
4 verbose publish [ '.' ]
5 silly cache add args [ '.', null ]
6 verbose cache add spec .
7 silly cache add parsed spec { raw: '.',
7 silly cache add   scope: null,
7 silly cache add   name: null,
7 silly cache add   rawSpec: '.',
7 silly cache add   spec: 'd:\\myprojects\\dev\\js\\collection',
7 silly cache add   type: 'directory' }
8 verbose addLocalDirectory C:\Users\Lightman\AppData\Roaming\npm-cache\del-collection\1.0.0\package.tgz not in flight; packing
9 verbose tar pack [ 'C:\\Users\\Lightman\\AppData\\Roaming\\npm-cache\\del-collection\\1.0.0\\package.tgz',
9 verbose tar pack   'd:\\myprojects\\dev\\js\\collection' ]
10 verbose tarball C:\Users\Lightman\AppData\Roaming\npm-cache\del-collection\1.0.0\package.tgz
11 verbose folder d:\myprojects\dev\js\collection
12 info prepublish del-collection@1.0.0
13 verbose addLocalTarball adding from inside cache C:\Users\Lightman\AppData\Roaming\npm-cache\del-collection\1.0.0\package.tgz
14 silly cache afterAdd del-collection@1.0.0
15 verbose afterAdd C:\Users\Lightman\AppData\Roaming\npm-cache\del-collection\1.0.0\package\package.json not in flight; writing
16 verbose afterAdd C:\Users\Lightman\AppData\Roaming\npm-cache\del-collection\1.0.0\package\package.json written
17 silly publish { name: 'del-collection',
17 silly publish   version: '1.0.0',
17 silly publish   description: '',
17 silly publish   main: 'index.js',
17 silly publish   scripts: { test: 'echo "Error: no test specified" && exit 1' },
17 silly publish   author: { name: 'Yaroslav Vavrysh', email: 'yaruk.my@gmail.com' },
17 silly publish   license: 'MIT',
17 silly publish   devDependencies:
17 silly publish    { browserify: '^12.0.1',
17 silly publish      gulp: '^3.9.0',
17 silly publish      'gulp-notify': '^2.2.0',
17 silly publish      'gulp-util': '^3.0.7',
17 silly publish      'vinyl-source-stream': '^1.1.0',
17 silly publish      watchify: '^3.6.1' },
17 silly publish   dependencies: { 'ya-del': '^1.1.1' },
17 silly publish   gitHead: '9e14efd7940dbc28ab216b9cd33019d9bb5cf4b5',
17 silly publish   readme: 'ERROR: No README data found!',
17 silly publish   _id: 'del-collection@1.0.0',
17 silly publish   _shasum: '09e4847bd644b2113540ce940e648eba80e99c49',
17 silly publish   _from: '.' }
18 verbose getPublishConfig undefined
19 silly mapToRegistry name del-collection
20 silly mapToRegistry using default registry
21 silly mapToRegistry registry https://registry.npmjs.org/
22 silly mapToRegistry uri https://registry.npmjs.org/del-collection
23 verbose publish registryBase https://registry.npmjs.org/
24 silly publish uploading C:\Users\Lightman\AppData\Roaming\npm-cache\del-collection\1.0.0\package.tgz
25 verbose request uri https://registry.npmjs.org/del-collection
26 verbose request sending authorization for write operation
27 info attempt registry request try #1 at 17:58:31
28 verbose request using bearer token for auth
29 verbose request id 787ed202cd7deb7d
30 http request PUT https://registry.npmjs.org/del-collection
31 http 403 https://registry.npmjs.org/del-collection
32 verbose headers { 'content-type': 'application/json',
32 verbose headers   'cache-control': 'max-age=300',
32 verbose headers   'content-length': '95',
32 verbose headers   'accept-ranges': 'bytes',
32 verbose headers   date: 'Sat, 26 Dec 2015 15:58:46 GMT',
32 verbose headers   via: '1.1 varnish',
32 verbose headers   connection: 'keep-alive',
32 verbose headers   'x-served-by': 'cache-fra1236-FRA',
32 verbose headers   'x-cache': 'MISS',
32 verbose headers   'x-cache-hits': '0',
32 verbose headers   'x-timer': 'S1451145524.814602,VS0,VE1480' }
33 verbose request invalidating C:\Users\Lightman\AppData\Roaming\npm-cache\registry.npmjs.org\del-collection on PUT
34 error publish Failed PUT 403
35 verbose stack Error: "You cannot publish over the previously published version 1.0.0." : del-collection
35 verbose stack     at CachingRegistryClient.<anonymous> (C:\Program Files (x86)\nodejs\node_modules\npm\node_modules\npm-registry-client\lib\request.js:247:14)
35 verbose stack     at Request._callback (C:\Program Files (x86)\nodejs\node_modules\npm\node_modules\npm-registry-client\lib\request.js:170:14)
35 verbose stack     at Request.self.callback (C:\Program Files (x86)\nodejs\node_modules\npm\node_modules\request\request.js:354:22)
35 verbose stack     at Request.emit (events.js:110:17)
35 verbose stack     at Request.<anonymous> (C:\Program Files (x86)\nodejs\node_modules\npm\node_modules\request\request.js:1207:14)
35 verbose stack     at Request.emit (events.js:129:20)
35 verbose stack     at IncomingMessage.<anonymous> (C:\Program Files (x86)\nodejs\node_modules\npm\node_modules\request\request.js:1153:12)
35 verbose stack     at IncomingMessage.emit (events.js:129:20)
35 verbose stack     at _stream_readable.js:908:16
35 verbose stack     at process._tickCallback (node.js:355:11)
36 verbose statusCode 403
37 verbose pkgid del-collection
38 verbose cwd d:\myprojects\dev\js\collection
39 error Windows_NT 6.1.7601
40 error argv "C:\\Program Files (x86)\\nodejs\\\\node.exe" "C:\\Program Files (x86)\\nodejs\\node_modules\\npm\\bin\\npm-cli.js" "publish"
41 error node v0.12.7
42 error npm  v2.11.3
43 error code E403
44 error "You cannot publish over the previously published version 1.0.0." : del-collection
45 error If you need help, you may report this error at:
45 error     <https://github.com/npm/npm/issues>
46 verbose exit [ 1, true ]
